<?xml version="1.0" encoding="UTF-8"?>
<!-- Generated by org.testng.reporters.JUnitReportReporter -->
<testsuite hostname="WKMGB7594573" failures="0" tests="1" name="restAPIAutomation.TC004_GET_Request_PrintAllHeaders" time="1.326" errors="0" timestamp="22 May 2019 14:17:17 GMT" skipped="0">
  <testcase classname="restAPIAutomation.TC004_GET_Request_PrintAllHeaders" name="GetHeaderDetails" time="1.326"/>
</testsuite> <!-- restAPIAutomation.TC004_GET_Request_PrintAllHeaders -->
