<?xml version="1.0" encoding="UTF-8"?>
<!-- Generated by org.testng.reporters.JUnitReportReporter -->
<testsuite hostname="WKMGB7594573" failures="0" tests="1" name="restAPIAutomation.TC006_GET_Request_ExtractBodyNode" time="1.523" errors="0" timestamp="22 May 2019 14:35:37 GMT" skipped="0">
  <testcase classname="restAPIAutomation.TC006_GET_Request_ExtractBodyNode" name="getJSONResponse" time="1.523"/>
</testsuite> <!-- restAPIAutomation.TC006_GET_Request_ExtractBodyNode -->
