<?xml version="1.0" encoding="UTF-8"?>
<!-- Generated by org.testng.reporters.JUnitReportReporter -->
<testsuite hostname="WKMGB7594573" failures="0" tests="1" name="restAPIAutomation.TC005_GET_Request_ValidatingJSONResponse" time="1.262" errors="0" timestamp="22 May 2019 14:26:45 GMT" skipped="0">
  <testcase classname="restAPIAutomation.TC005_GET_Request_ValidatingJSONResponse" name="getJSONResponse" time="1.262"/>
</testsuite> <!-- restAPIAutomation.TC005_GET_Request_ValidatingJSONResponse -->
