<?xml version="1.0" encoding="UTF-8"?>
<!-- Generated by org.testng.reporters.JUnitReportReporter -->
<testsuite hostname="WKMGB7594573" failures="0" tests="1" name="restAPIAutomation.TC003_GET_Request" time="1.463" errors="0" timestamp="22 May 2019 14:03:24 GMT" skipped="0">
  <testcase classname="restAPIAutomation.TC003_GET_Request" name="googleMaptest" time="1.463"/>
</testsuite> <!-- restAPIAutomation.TC003_GET_Request -->
