<?xml version="1.0" encoding="UTF-8"?>
<!-- Generated by org.testng.reporters.JUnitReportReporter -->
<testsuite hostname="WKMGB7594573" failures="0" tests="1" name="restAPIAutomation.TC001_GET_Request" time="1.507" errors="0" timestamp="23 May 2019 10:06:42 GMT" skipped="0">
  <testcase classname="restAPIAutomation.TC001_GET_Request" name="getWeatherDetails" time="1.507"/>
</testsuite> <!-- restAPIAutomation.TC001_GET_Request -->
